07: 29: 58 PM:DEBUG [logger_base.py:13] Mensaje a nivel debug
07: 29: 58 PM:INFO [logger_base.py:14] Mensaje a nivel info
07: 29: 58 PM:WARNING [logger_base.py:15] Mensaje a nivel warning
07: 29: 58 PM:ERROR [logger_base.py:16] Mensaje a nivel error
07: 29: 58 PM:CRITICAL [logger_base.py:17] Mensaje a nivel critical
07: 30: 26 PM:DEBUG [logger_base.py:14] Mensaje a nivel debug
07: 30: 26 PM:INFO [logger_base.py:15] Mensaje a nivel info
07: 30: 26 PM:WARNING [logger_base.py:16] Mensaje a nivel warning
07: 30: 26 PM:ERROR [logger_base.py:17] Mensaje a nivel error
07: 30: 26 PM:CRITICAL [logger_base.py:18] Mensaje a nivel critical
08: 03: 30 PM:DEBUG [Persona.py:56] 
        Id Perons: 1
        Nombre: Juan
        Apellido: Perez
        Email: Juanperez@gmail.com
        
08: 03: 30 PM:DEBUG [Persona.py:58] 
        Id Perons: None
        Nombre: Jose
        Apellido: Lepez
        Email: LepezJose@gmail.com
        
08: 03: 30 PM:DEBUG [Persona.py:60] 
        Id Perons: 1
        Nombre: None
        Apellido: None
        Email: None
        
